[INFO ] 2022-08-26 21:05:43.968 [main] StepDef - Setup executed...
[INFO ] 2022-08-26 21:05:44.070 [main] StepDef - Chrome browser Launch...
[INFO ] 2022-08-26 21:06:03.396 [main] StepDef - URL Opened...
[INFO ] 2022-08-26 21:06:03.766 [main] StepDef - Entered Email ID and Password...
[INFO ] 2022-08-26 21:06:14.206 [main] StepDef - Clicked on Login Button...
[INFO ] 2022-08-26 21:06:14.225 [main] StepDef - DashBoard Screen verified...
[INFO ] 2022-08-26 21:06:14.398 [main] StepDef - Clicked on Customer Menu...
[INFO ] 2022-08-26 21:06:17.291 [main] StepDef - Clicked on Customer Menu Item...
[INFO ] 2022-08-26 21:06:18.954 [main] StepDef - Clicked on Add New Button...
[INFO ] 2022-08-26 21:06:18.989 [main] StepDef - Verified Add New Customer Page...
[INFO ] 2022-08-26 21:06:20.037 [main] StepDef - Entered Cutomer Info...
[INFO ] 2022-08-26 21:06:22.862 [main] StepDef - Clicked on Save button...
[INFO ] 2022-08-26 21:06:23.172 [main] StepDef - Verified confirmation message...
[INFO ] 2022-08-26 21:06:23.485 [main] StepDef - Tear Down method executed
[INFO ] 2022-08-26 21:06:24.992 [main] StepDef - Setup executed...
[INFO ] 2022-08-26 21:06:24.995 [main] StepDef - Chrome browser Launch...
[INFO ] 2022-08-26 21:06:28.403 [main] StepDef - URL Opened...
[INFO ] 2022-08-26 21:06:28.635 [main] StepDef - Entered Email ID and Password...
[INFO ] 2022-08-26 21:06:34.898 [main] StepDef - Clicked on Login Button...
[INFO ] 2022-08-26 21:06:34.920 [main] StepDef - Page Title Verified...
[INFO ] 2022-08-26 21:06:36.371 [main] StepDef - Tear Down method executed
[INFO ] 2022-08-26 21:06:37.431 [main] StepDef - Setup executed...
[INFO ] 2022-08-26 21:06:37.433 [main] StepDef - Chrome browser Launch...
[INFO ] 2022-08-26 21:06:41.312 [main] StepDef - URL Opened...
[INFO ] 2022-08-26 21:06:41.552 [main] StepDef - Entered Email ID and Password...
[INFO ] 2022-08-26 21:07:08.215 [main] StepDef - Clicked on Login Button...
[INFO ] 2022-08-26 21:07:08.222 [main] StepDef - Page Title Verified...
[INFO ] 2022-08-26 21:07:12.075 [main] StepDef - Clicked on LogOut Button...
[INFO ] 2022-08-26 21:07:12.083 [main] StepDef - Page Title Verified...
[INFO ] 2022-08-26 21:07:12.251 [main] StepDef - Tear Down method executed
[INFO ] 2022-08-26 21:07:13.642 [main] StepDef - Setup executed...
[INFO ] 2022-08-26 21:07:13.646 [main] StepDef - Chrome browser Launch...
[INFO ] 2022-08-26 21:07:16.143 [main] StepDef - URL Opened...
[INFO ] 2022-08-26 21:07:16.378 [main] StepDef - Entered Email ID and Password...
[INFO ] 2022-08-26 21:07:17.797 [main] StepDef - Clicked on Login Button...
[INFO ] 2022-08-26 21:07:18.064 [main] StepDef - Tear Down method executed
[INFO ] 2022-08-27 16:09:33.931 [main] StepDef - Setup executed...
[INFO ] 2022-08-27 16:09:33.979 [main] StepDef - Chrome browser Launch...
[INFO ] 2022-08-27 16:09:34.024 [main] StepDef - Setup executed...
[INFO ] 2022-08-27 16:09:34.026 [main] StepDef - Chrome browser Launch...
[INFO ] 2022-08-27 16:09:34.057 [main] StepDef - Setup executed...
[INFO ] 2022-08-27 16:09:34.059 [main] StepDef - Chrome browser Launch...
[INFO ] 2022-08-27 16:09:34.077 [main] StepDef - Setup executed...
[INFO ] 2022-08-27 16:09:34.079 [main] StepDef - Chrome browser Launch...
[INFO ] 2022-08-27 16:12:35.163 [main] StepDef - Setup executed...
[INFO ] 2022-08-27 16:12:35.199 [main] StepDef - Chrome browser Launch...
[INFO ] 2022-08-27 16:12:35.238 [main] StepDef - Setup executed...
[INFO ] 2022-08-27 16:12:35.240 [main] StepDef - Chrome browser Launch...
[INFO ] 2022-08-27 16:12:35.264 [main] StepDef - Setup executed...
[INFO ] 2022-08-27 16:12:35.266 [main] StepDef - Chrome browser Launch...
[INFO ] 2022-08-27 16:12:35.286 [main] StepDef - Setup executed...
[INFO ] 2022-08-27 16:12:35.287 [main] StepDef - Chrome browser Launch...
[INFO ] 2022-08-27 16:43:04.353 [main] StepDef - Setup executed...
[INFO ] 2022-08-27 16:43:04.390 [main] StepDef - Chrome browser Launch...
[INFO ] 2022-08-27 16:43:04.427 [main] StepDef - Setup executed...
[INFO ] 2022-08-27 16:43:04.428 [main] StepDef - Chrome browser Launch...
[INFO ] 2022-08-27 16:43:04.446 [main] StepDef - Setup executed...
[INFO ] 2022-08-27 16:43:04.447 [main] StepDef - Chrome browser Launch...
[INFO ] 2022-08-27 16:43:04.462 [main] StepDef - Setup executed...
[INFO ] 2022-08-27 16:43:04.463 [main] StepDef - Chrome browser Launch...
[INFO ] 2022-08-27 16:55:02.138 [main] StepDef - Setup executed...
[INFO ] 2022-08-27 16:55:02.178 [main] StepDef - Chrome browser Launch...
[INFO ] 2022-08-27 16:55:02.215 [main] StepDef - Setup executed...
[INFO ] 2022-08-27 16:55:02.217 [main] StepDef - Chrome browser Launch...
[INFO ] 2022-08-27 16:55:02.237 [main] StepDef - Setup executed...
[INFO ] 2022-08-27 16:55:02.239 [main] StepDef - Chrome browser Launch...
[INFO ] 2022-08-27 16:55:02.253 [main] StepDef - Setup executed...
[INFO ] 2022-08-27 16:55:02.255 [main] StepDef - Chrome browser Launch...
[INFO ] 2022-08-27 16:55:26.556 [main] StepDef - Setup executed...
[INFO ] 2022-08-27 16:55:26.587 [main] StepDef - Chrome browser Launch...
[INFO ] 2022-08-27 16:55:26.626 [main] StepDef - Setup executed...
[INFO ] 2022-08-27 16:55:26.628 [main] StepDef - Chrome browser Launch...
[INFO ] 2022-08-27 16:55:26.647 [main] StepDef - Setup executed...
[INFO ] 2022-08-27 16:55:26.648 [main] StepDef - Chrome browser Launch...
[INFO ] 2022-08-27 16:55:26.663 [main] StepDef - Setup executed...
[INFO ] 2022-08-27 16:55:26.664 [main] StepDef - Chrome browser Launch...
[INFO ] 2022-08-27 16:57:26.625 [main] StepDef - Setup executed...
[INFO ] 2022-08-27 16:57:26.658 [main] StepDef - Chrome browser Launch...
[INFO ] 2022-08-27 16:57:26.699 [main] StepDef - Setup executed...
[INFO ] 2022-08-27 16:57:26.701 [main] StepDef - Chrome browser Launch...
[INFO ] 2022-08-27 16:57:26.725 [main] StepDef - Setup executed...
[INFO ] 2022-08-27 16:57:26.726 [main] StepDef - Chrome browser Launch...
[INFO ] 2022-08-27 16:57:26.743 [main] StepDef - Setup executed...
[INFO ] 2022-08-27 16:57:26.745 [main] StepDef - Chrome browser Launch...
[INFO ] 2022-08-27 16:58:07.065 [main] StepDef - Setup executed...
[INFO ] 2022-08-27 16:58:07.097 [main] StepDef - Chrome browser Launch...
[INFO ] 2022-08-27 16:58:07.136 [main] StepDef - Setup executed...
[INFO ] 2022-08-27 16:58:07.137 [main] StepDef - Chrome browser Launch...
[INFO ] 2022-08-27 16:58:07.157 [main] StepDef - Setup executed...
[INFO ] 2022-08-27 16:58:07.158 [main] StepDef - Chrome browser Launch...
[INFO ] 2022-08-27 16:58:07.174 [main] StepDef - Setup executed...
[INFO ] 2022-08-27 16:58:07.176 [main] StepDef - Chrome browser Launch...
[INFO ] 2022-08-27 17:08:22.112 [main] StepDef - Setup executed...
[INFO ] 2022-08-27 17:08:22.200 [main] StepDef - Chrome browser Launch...
[INFO ] 2022-08-27 17:08:54.488 [main] StepDef - URL Opened...
[INFO ] 2022-08-27 17:08:54.926 [main] StepDef - Tear Down method executed
[INFO ] 2022-08-27 17:08:56.033 [main] StepDef - Setup executed...
[INFO ] 2022-08-27 17:08:56.036 [main] StepDef - Chrome browser Launch...
[INFO ] 2022-08-27 17:09:00.339 [main] StepDef - URL Opened...
[INFO ] 2022-08-27 17:09:00.563 [main] StepDef - Entered Email ID and Password...
[INFO ] 2022-08-27 17:09:45.695 [main] StepDef - Clicked on Login Button...
[INFO ] 2022-08-27 17:09:45.715 [main] StepDef - Page Title Verified...
[INFO ] 2022-08-27 17:09:47.966 [main] StepDef - Clicked on LogOut Button...
[INFO ] 2022-08-27 17:09:47.975 [main] StepDef - Page Title Verified...
[INFO ] 2022-08-27 17:09:48.109 [main] StepDef - Tear Down method executed
[INFO ] 2022-08-27 17:09:49.010 [main] StepDef - Setup executed...
[INFO ] 2022-08-27 17:09:49.013 [main] StepDef - Chrome browser Launch...
[INFO ] 2022-08-27 17:09:52.832 [main] StepDef - URL Opened...
[INFO ] 2022-08-27 17:09:53.056 [main] StepDef - Entered Email ID and Password...
[INFO ] 2022-08-27 17:09:58.438 [main] StepDef - Clicked on Login Button...
[INFO ] 2022-08-27 17:09:58.455 [main] StepDef - Page Title Verified...
[INFO ] 2022-08-27 17:09:59.826 [main] StepDef - Tear Down method executed
[INFO ] 2022-08-27 17:10:00.845 [main] StepDef - Setup executed...
[INFO ] 2022-08-27 17:10:00.912 [main] StepDef - Chrome browser Launch...
[INFO ] 2022-08-27 17:10:03.809 [main] StepDef - URL Opened...
[INFO ] 2022-08-27 17:10:04.010 [main] StepDef - Entered Email ID and Password...
[INFO ] 2022-08-27 17:10:05.335 [main] StepDef - Clicked on Login Button...
[INFO ] 2022-08-27 17:10:05.579 [main] StepDef - Tear Down method executed
[INFO ] 2022-08-27 17:21:53.311 [main] StepDef - Setup executed...
[INFO ] 2022-08-27 17:21:53.520 [main] StepDef - Chrome browser Launch...
[INFO ] 2022-08-27 17:21:55.046 [main] StepDef - URL Opened...
[INFO ] 2022-08-27 17:21:55.341 [main] StepDef - Entered Email ID and Password...
[INFO ] 2022-08-27 17:22:01.409 [main] StepDef - Clicked on Login Button...
[INFO ] 2022-08-27 17:22:01.428 [main] StepDef - DashBoard Screen verified...
[INFO ] 2022-08-27 17:22:01.543 [main] StepDef - Clicked on Customer Menu...
[INFO ] 2022-08-27 17:22:03.223 [main] StepDef - Clicked on Customer Menu Item...
[INFO ] 2022-08-27 17:22:07.293 [main] StepDef - Clicked on Add New Button...
[INFO ] 2022-08-27 17:22:07.314 [main] StepDef - Verified Add New Customer Page...
[INFO ] 2022-08-27 17:22:08.366 [main] StepDef - Entered Cutomer Info...
[INFO ] 2022-08-27 17:22:11.231 [main] StepDef - Clicked on Save button...
[INFO ] 2022-08-27 17:22:11.380 [main] StepDef - Verified confirmation message...
[INFO ] 2022-08-27 17:22:11.556 [main] StepDef - Tear Down method executed
[INFO ] 2022-08-27 17:22:12.393 [main] StepDef - Setup executed...
[INFO ] 2022-08-27 17:22:12.395 [main] StepDef - Chrome browser Launch...
[INFO ] 2022-08-27 17:22:16.036 [main] StepDef - URL Opened...
[INFO ] 2022-08-27 17:22:16.267 [main] StepDef - Entered Email ID and Password...
[INFO ] 2022-08-27 17:22:22.495 [main] StepDef - Clicked on Login Button...
[INFO ] 2022-08-27 17:22:22.503 [main] StepDef - Page Title Verified...
[INFO ] 2022-08-27 17:22:24.767 [main] StepDef - Clicked on LogOut Button...
[INFO ] 2022-08-27 17:22:24.775 [main] StepDef - Page Title Verified...
[INFO ] 2022-08-27 17:22:25.383 [main] StepDef - Tear Down method executed
[INFO ] 2022-08-27 17:22:26.178 [main] StepDef - Setup executed...
[INFO ] 2022-08-27 17:22:26.180 [main] StepDef - Chrome browser Launch...
[INFO ] 2022-08-27 17:22:29.839 [main] StepDef - URL Opened...
[INFO ] 2022-08-27 17:22:30.058 [main] StepDef - Entered Email ID and Password...
[INFO ] 2022-08-27 17:22:36.254 [main] StepDef - Clicked on Login Button...
[INFO ] 2022-08-27 17:22:36.268 [main] StepDef - Page Title Verified...
[INFO ] 2022-08-27 17:22:38.280 [main] StepDef - Clicked on LogOut Button...
[INFO ] 2022-08-27 17:22:38.288 [main] StepDef - Page Title Verified...
[INFO ] 2022-08-27 17:22:38.424 [main] StepDef - Tear Down method executed
[INFO ] 2022-08-27 17:22:39.311 [main] StepDef - Setup executed...
[INFO ] 2022-08-27 17:22:39.313 [main] StepDef - Chrome browser Launch...
[INFO ] 2022-08-27 17:22:42.660 [main] StepDef - URL Opened...
[INFO ] 2022-08-27 17:22:42.880 [main] StepDef - Entered Email ID and Password...
[INFO ] 2022-08-27 17:22:44.402 [main] StepDef - Clicked on Login Button...
[INFO ] 2022-08-27 17:22:45.009 [main] StepDef - Tear Down method executed
[INFO ] 2022-08-27 20:45:34.681 [main] StepDef - Setup executed...
[INFO ] 2022-08-27 20:45:34.784 [main] StepDef - Chrome browser Launch...
[INFO ] 2022-08-27 20:45:37.850 [main] StepDef - URL Opened...
[INFO ] 2022-08-27 20:45:38.373 [main] StepDef - Entered Email ID and Password...
[INFO ] 2022-08-27 20:45:44.483 [main] StepDef - Clicked on Login Button...
[INFO ] 2022-08-27 20:45:44.708 [main] StepDef - DashBoard Screen verified...
[INFO ] 2022-08-27 20:45:45.064 [main] StepDef - Clicked on Customer Menu...
[INFO ] 2022-08-27 20:45:47.516 [main] StepDef - Clicked on Customer Menu Item...
[INFO ] 2022-08-27 20:45:50.798 [main] StepDef - Clicked on Add New Button...
[INFO ] 2022-08-27 20:45:50.977 [main] StepDef - Verified Add New Customer Page...
[INFO ] 2022-08-27 20:45:52.352 [main] StepDef - Entered Cutomer Info...
[INFO ] 2022-08-27 20:45:54.515 [main] StepDef - Clicked on Save button...
[INFO ] 2022-08-27 20:45:54.849 [main] StepDef - Verified confirmation message...
[INFO ] 2022-08-27 20:45:56.182 [main] StepDef - Setup executed...
[INFO ] 2022-08-27 20:45:56.186 [main] StepDef - Chrome browser Launch...
[INFO ] 2022-08-27 20:46:08.826 [main] StepDef - URL Opened...
[INFO ] 2022-08-27 20:46:09.171 [main] StepDef - Entered Email ID and Password...
[INFO ] 2022-08-27 20:46:15.033 [main] StepDef - Clicked on Login Button...
[INFO ] 2022-08-27 20:46:15.254 [main] StepDef - Page Title Verified...
[INFO ] 2022-08-27 20:46:17.831 [main] StepDef - Setup executed...
[INFO ] 2022-08-27 20:46:17.835 [main] StepDef - Chrome browser Launch...
[INFO ] 2022-08-27 20:46:21.234 [main] StepDef - URL Opened...
[INFO ] 2022-08-27 20:46:21.598 [main] StepDef - Entered Email ID and Password...
[INFO ] 2022-08-27 20:47:13.143 [main] StepDef - Clicked on Login Button...
[INFO ] 2022-08-27 20:47:13.278 [main] StepDef - Page Title Verified...
[INFO ] 2022-08-27 20:47:15.399 [main] StepDef - Setup executed...
[INFO ] 2022-08-27 20:47:15.402 [main] StepDef - Chrome browser Launch...
[INFO ] 2022-08-27 20:47:18.600 [main] StepDef - URL Opened...
[INFO ] 2022-08-27 20:47:18.968 [main] StepDef - Entered Email ID and Password...
[INFO ] 2022-08-27 20:47:20.622 [main] StepDef - Clicked on Login Button...
[INFO ] 2022-08-27 20:56:41.213 [main] StepDef - Setup executed...
[INFO ] 2022-08-27 20:56:41.309 [main] StepDef - Chrome browser Launch...
[INFO ] 2022-08-27 20:56:44.969 [main] StepDef - URL Opened...
[INFO ] 2022-08-27 20:56:45.529 [main] StepDef - Entered Email ID and Password...
[INFO ] 2022-08-27 20:56:52.963 [main] StepDef - Clicked on Login Button...
[INFO ] 2022-08-27 20:56:53.187 [main] StepDef - DashBoard Screen verified...
[INFO ] 2022-08-27 20:56:53.487 [main] StepDef - Clicked on Customer Menu...
[INFO ] 2022-08-27 20:56:56.495 [main] StepDef - Clicked on Customer Menu Item...
[INFO ] 2022-08-27 20:56:58.378 [main] StepDef - Clicked on Add New Button...
[INFO ] 2022-08-27 20:56:58.550 [main] StepDef - Verified Add New Customer Page...
[INFO ] 2022-08-27 20:56:59.855 [main] StepDef - Entered Cutomer Info...
[INFO ] 2022-08-27 20:57:02.201 [main] StepDef - Clicked on Save button...
[INFO ] 2022-08-27 20:57:02.512 [main] StepDef - Verified confirmation message...
[INFO ] 2022-08-27 20:57:04.668 [main] StepDef - Setup executed...
[INFO ] 2022-08-27 20:57:04.669 [main] StepDef - Chrome browser Launch...
[INFO ] 2022-08-27 20:57:06.920 [main] StepDef - URL Opened...
[INFO ] 2022-08-27 20:57:07.299 [main] StepDef - Entered Email ID and Password...
[INFO ] 2022-08-27 20:57:14.258 [main] StepDef - Clicked on Login Button...
[INFO ] 2022-08-27 20:57:14.401 [main] StepDef - Page Title Verified...
[INFO ] 2022-08-27 20:57:17.402 [main] StepDef - Clicked on LogOut Button...
[INFO ] 2022-08-27 20:57:17.489 [main] StepDef - Page Title Verified...
[INFO ] 2022-08-27 20:57:19.503 [main] StepDef - Setup executed...
[INFO ] 2022-08-27 20:57:19.504 [main] StepDef - Chrome browser Launch...
[INFO ] 2022-08-27 20:57:23.238 [main] StepDef - URL Opened...
[INFO ] 2022-08-27 20:57:23.661 [main] StepDef - Entered Email ID and Password...
[INFO ] 2022-08-27 20:57:30.573 [main] StepDef - Clicked on Login Button...
[INFO ] 2022-08-27 20:57:30.729 [main] StepDef - Page Title Verified...
[INFO ] 2022-08-27 20:57:32.980 [main] StepDef - Clicked on LogOut Button...
[INFO ] 2022-08-27 20:57:33.101 [main] StepDef - Page Title Verified...
[INFO ] 2022-08-27 20:57:35.010 [main] StepDef - Setup executed...
[INFO ] 2022-08-27 20:57:35.012 [main] StepDef - Chrome browser Launch...
[INFO ] 2022-08-27 20:57:38.905 [main] StepDef - URL Opened...
[INFO ] 2022-08-27 20:57:39.269 [main] StepDef - Entered Email ID and Password...
[INFO ] 2022-08-27 20:57:40.958 [main] StepDef - Clicked on Login Button...
[INFO ] 2022-08-27 20:57:41.398 [main] StepDef - Tear Down method executed
[INFO ] 2022-08-27 21:01:56.929 [main] StepDef - Setup executed...
[INFO ] 2022-08-27 21:01:57.017 [main] StepDef - Chrome browser Launch...
[INFO ] 2022-08-27 21:02:00.229 [main] StepDef - URL Opened...
[INFO ] 2022-08-27 21:02:00.778 [main] StepDef - Entered Email ID and Password...
[INFO ] 2022-08-27 21:02:22.035 [main] StepDef - Clicked on Login Button...
[INFO ] 2022-08-27 21:02:22.333 [main] StepDef - DashBoard Screen verified...
[INFO ] 2022-08-27 21:02:22.672 [main] StepDef - Clicked on Customer Menu...
[INFO ] 2022-08-27 21:02:26.392 [main] StepDef - Clicked on Customer Menu Item...
[INFO ] 2022-08-27 21:02:28.394 [main] StepDef - Clicked on Add New Button...
[INFO ] 2022-08-27 21:02:28.582 [main] StepDef - Verified Add New Customer Page...
[INFO ] 2022-08-27 21:02:29.860 [main] StepDef - Entered Cutomer Info...
[INFO ] 2022-08-27 21:04:17.114 [main] StepDef - Clicked on Save button...
[INFO ] 2022-08-27 21:04:17.594 [main] StepDef - Verified confirmation message...
[INFO ] 2022-08-27 21:04:19.073 [main] StepDef - Setup executed...
[INFO ] 2022-08-27 21:04:19.075 [main] StepDef - Chrome browser Launch...
[INFO ] 2022-08-27 21:04:22.668 [main] StepDef - URL Opened...
[INFO ] 2022-08-27 21:04:23.030 [main] StepDef - Entered Email ID and Password...
[INFO ] 2022-08-27 21:04:28.578 [main] StepDef - Clicked on Login Button...
[INFO ] 2022-08-27 21:04:28.784 [main] StepDef - Page Title Verified...
[INFO ] 2022-08-27 21:04:30.423 [main] StepDef - Tear Down method executed
[INFO ] 2022-08-27 21:04:31.949 [main] StepDef - Setup executed...
[INFO ] 2022-08-27 21:04:31.950 [main] StepDef - Chrome browser Launch...
[INFO ] 2022-08-27 21:04:35.803 [main] StepDef - URL Opened...
[INFO ] 2022-08-27 21:04:36.167 [main] StepDef - Entered Email ID and Password...
[INFO ] 2022-08-27 21:04:43.222 [main] StepDef - Clicked on Login Button...
[INFO ] 2022-08-27 21:04:43.436 [main] StepDef - Page Title Verified...
[INFO ] 2022-08-27 21:04:45.323 [main] StepDef - Tear Down method executed
[INFO ] 2022-08-27 21:04:46.152 [main] StepDef - Setup executed...
[INFO ] 2022-08-27 21:04:46.154 [main] StepDef - Chrome browser Launch...
[INFO ] 2022-08-27 21:05:05.253 [main] StepDef - URL Opened...
[INFO ] 2022-08-27 21:05:05.671 [main] StepDef - Entered Email ID and Password...
[INFO ] 2022-08-27 21:05:07.402 [main] StepDef - Clicked on Login Button...
[INFO ] 2022-08-27 21:05:07.956 [main] StepDef - Tear Down method executed
[INFO ] 2022-08-27 21:08:01.771 [main] StepDef - Setup executed...
[INFO ] 2022-08-27 21:08:01.894 [main] StepDef - Chrome browser Launch...
[INFO ] 2022-08-27 21:08:04.889 [main] StepDef - URL Opened...
[INFO ] 2022-08-27 21:08:05.398 [main] StepDef - Entered Email ID and Password...
[INFO ] 2022-08-27 21:08:12.159 [main] StepDef - Clicked on Login Button...
[INFO ] 2022-08-27 21:08:12.485 [main] StepDef - DashBoard Screen verified...
[INFO ] 2022-08-27 21:08:12.871 [main] StepDef - Clicked on Customer Menu...
[INFO ] 2022-08-27 21:08:15.748 [main] StepDef - Clicked on Customer Menu Item...
[INFO ] 2022-08-27 21:08:17.862 [main] StepDef - Clicked on Add New Button...
[INFO ] 2022-08-27 21:08:18.061 [main] StepDef - Verified Add New Customer Page...
[INFO ] 2022-08-27 21:08:19.354 [main] StepDef - Entered Cutomer Info...
[INFO ] 2022-08-27 21:08:21.393 [main] StepDef - Clicked on Save button...
[INFO ] 2022-08-27 21:08:21.768 [main] StepDef - Verified confirmation message...
[INFO ] 2022-08-27 22:22:03.234 [main] StepDef - Setup executed...
[INFO ] 2022-08-27 22:22:03.341 [main] StepDef - Chrome browser Launch...
[INFO ] 2022-08-27 22:22:06.864 [main] StepDef - URL Opened...
[INFO ] 2022-08-27 22:22:07.285 [main] StepDef - Entered Email ID and Password...
[INFO ] 2022-08-27 22:22:13.415 [main] StepDef - Clicked on Login Button...
[INFO ] 2022-08-27 22:22:13.455 [main] StepDef - DashBoard Screen verified...
[INFO ] 2022-08-27 22:22:13.609 [main] StepDef - Clicked on Customer Menu...
[INFO ] 2022-08-27 22:22:18.145 [main] StepDef - Clicked on Customer Menu Item...
[INFO ] 2022-08-27 22:22:24.786 [main] StepDef - Clicked on Add New Button...
[INFO ] 2022-08-27 22:22:24.818 [main] StepDef - Verified Add New Customer Page...
[INFO ] 2022-08-27 22:22:26.025 [main] StepDef - Entered Cutomer Info...
[INFO ] 2022-08-27 22:22:28.247 [main] StepDef - Clicked on Save button...
[INFO ] 2022-08-27 22:22:28.462 [main] StepDef - Verified confirmation message...
[INFO ] 2022-08-27 22:22:28.735 [main] StepDef - Tear Down method executed
[INFO ] 2022-08-27 22:22:30.519 [main] StepDef - Setup executed...
[INFO ] 2022-08-27 22:22:30.522 [main] StepDef - Chrome browser Launch...
[INFO ] 2022-08-27 22:22:34.574 [main] StepDef - URL Opened...
[INFO ] 2022-08-27 22:22:34.897 [main] StepDef - Entered Email ID and Password...
[INFO ] 2022-08-27 22:22:39.964 [main] StepDef - Clicked on Login Button...
[INFO ] 2022-08-27 22:22:39.978 [main] StepDef - Page Title Verified...
[INFO ] 2022-08-27 22:22:42.590 [main] StepDef - Clicked on LogOut Button...
[INFO ] 2022-08-27 22:22:42.602 [main] StepDef - Page Title Verified...
[INFO ] 2022-08-27 22:22:42.748 [main] StepDef - Tear Down method executed
[INFO ] 2022-08-27 22:22:44.595 [main] StepDef - Setup executed...
[INFO ] 2022-08-27 22:22:44.597 [main] StepDef - Chrome browser Launch...
[INFO ] 2022-08-27 22:22:48.834 [main] StepDef - URL Opened...
[INFO ] 2022-08-27 22:22:49.142 [main] StepDef - Entered Email ID and Password...
[INFO ] 2022-08-27 22:22:54.502 [main] StepDef - Clicked on Login Button...
[INFO ] 2022-08-27 22:22:54.526 [main] StepDef - Page Title Verified...
[INFO ] 2022-08-27 22:22:56.402 [main] StepDef - Clicked on LogOut Button...
[INFO ] 2022-08-27 22:22:56.412 [main] StepDef - Page Title Verified...
[INFO ] 2022-08-27 22:22:56.732 [main] StepDef - Tear Down method executed
[INFO ] 2022-08-27 22:22:58.476 [main] StepDef - Setup executed...
[INFO ] 2022-08-27 22:22:58.478 [main] StepDef - Chrome browser Launch...
[INFO ] 2022-08-27 22:23:02.139 [main] StepDef - URL Opened...
[INFO ] 2022-08-27 22:23:02.435 [main] StepDef - Entered Email ID and Password...
[INFO ] 2022-08-27 22:23:03.048 [main] StepDef - Clicked on Login Button...
[INFO ] 2022-08-27 22:23:03.436 [main] StepDef - Tear Down method executed
[INFO ] 2022-08-27 22:26:42.593 [main] StepDef - Setup executed...
[INFO ] 2022-08-27 22:26:42.696 [main] StepDef - Chrome browser Launch...
[INFO ] 2022-08-27 22:26:46.289 [main] StepDef - URL Opened...
[INFO ] 2022-08-27 22:26:46.743 [main] StepDef - Entered Email ID and Password...
[INFO ] 2022-08-27 22:26:52.192 [main] StepDef - Clicked on Login Button...
[INFO ] 2022-08-27 22:26:52.216 [main] StepDef - DashBoard Screen verified...
[INFO ] 2022-08-27 22:26:52.340 [main] StepDef - Clicked on Customer Menu...
[INFO ] 2022-08-27 22:26:54.591 [main] StepDef - Clicked on Customer Menu Item...
[INFO ] 2022-08-27 22:26:57.044 [main] StepDef - Clicked on Add New Button...
[INFO ] 2022-08-27 22:26:57.055 [main] StepDef - Verified Add New Customer Page...
[INFO ] 2022-08-27 22:26:58.205 [main] StepDef - Entered Cutomer Info...
[INFO ] 2022-08-27 22:27:00.234 [main] StepDef - Clicked on Save button...
[INFO ] 2022-08-27 22:27:00.441 [main] StepDef - Verified confirmation message...
[INFO ] 2022-08-27 22:27:00.618 [main] StepDef - Tear Down method executed
[INFO ] 2022-08-27 22:27:01.522 [main] StepDef - Setup executed...
[INFO ] 2022-08-27 22:27:01.526 [main] StepDef - Chrome browser Launch...
[INFO ] 2022-08-27 22:27:04.117 [main] StepDef - URL Opened...
[INFO ] 2022-08-27 22:27:04.436 [main] StepDef - Entered Email ID and Password...
[INFO ] 2022-08-27 22:27:26.057 [main] StepDef - Clicked on Login Button...
[INFO ] 2022-08-27 22:27:26.096 [main] StepDef - Page Title Verified...
[INFO ] 2022-08-27 22:27:27.656 [main] StepDef - Tear Down method executed
[INFO ] 2022-08-27 22:27:28.788 [main] StepDef - Setup executed...
[INFO ] 2022-08-27 22:27:28.792 [main] StepDef - Chrome browser Launch...
[INFO ] 2022-08-27 22:27:32.754 [main] StepDef - URL Opened...
[INFO ] 2022-08-27 22:27:33.106 [main] StepDef - Entered Email ID and Password...
[INFO ] 2022-08-27 22:27:38.016 [main] StepDef - Clicked on Login Button...
[INFO ] 2022-08-27 22:27:38.037 [main] StepDef - Page Title Verified...
[INFO ] 2022-08-27 22:27:39.480 [main] StepDef - Tear Down method executed
[INFO ] 2022-08-27 22:27:40.616 [main] StepDef - Setup executed...
[INFO ] 2022-08-27 22:27:40.617 [main] StepDef - Chrome browser Launch...
[INFO ] 2022-08-27 22:27:44.092 [main] StepDef - URL Opened...
[INFO ] 2022-08-27 22:27:44.358 [main] StepDef - Entered Email ID and Password...
[INFO ] 2022-08-27 22:27:46.084 [main] StepDef - Clicked on Login Button...
[INFO ] 2022-08-27 22:27:46.439 [main] StepDef - Tear Down method executed
[INFO ] 2022-08-27 22:30:05.788 [main] StepDef - Setup executed...
[INFO ] 2022-08-27 22:30:05.908 [main] StepDef - Chrome browser Launch...
[INFO ] 2022-08-27 22:30:09.070 [main] StepDef - URL Opened...
[INFO ] 2022-08-27 22:30:09.522 [main] StepDef - Entered Email ID and Password...
[INFO ] 2022-08-27 22:30:16.450 [main] StepDef - Clicked on Login Button...
[INFO ] 2022-08-27 22:30:16.480 [main] StepDef - Page Title Verified...
[INFO ] 2022-08-27 22:30:18.700 [main] StepDef - Clicked on LogOut Button...
[INFO ] 2022-08-27 22:30:18.718 [main] StepDef - Page Title Verified...
[INFO ] 2022-08-27 22:30:18.874 [main] StepDef - Tear Down method executed
[INFO ] 2022-08-27 22:31:09.293 [main] StepDef - Setup executed...
[INFO ] 2022-08-27 22:31:09.383 [main] StepDef - Chrome browser Launch...
[INFO ] 2022-08-27 22:31:12.575 [main] StepDef - URL Opened...
[INFO ] 2022-08-27 22:31:13.027 [main] StepDef - Entered Email ID and Password...
[INFO ] 2022-08-27 22:31:20.753 [main] StepDef - Clicked on Login Button...
[INFO ] 2022-08-27 22:31:20.781 [main] StepDef - Page Title Verified...
[INFO ] 2022-08-27 22:31:22.450 [main] StepDef - Tear Down method executed
[INFO ] 2022-08-27 22:36:40.989 [main] StepDef - Setup executed...
[INFO ] 2022-08-27 22:36:41.250 [main] StepDef - Chrome browser Launch...
[INFO ] 2022-08-27 22:36:44.088 [main] StepDef - URL Opened...
[INFO ] 2022-08-27 22:36:44.511 [main] StepDef - Entered Email ID and Password...
[INFO ] 2022-08-27 22:36:51.796 [main] StepDef - Clicked on Login Button...
[INFO ] 2022-08-27 22:36:51.823 [main] StepDef - DashBoard Screen verified...
[INFO ] 2022-08-27 22:36:51.941 [main] StepDef - Clicked on Customer Menu...
[INFO ] 2022-08-27 22:36:55.558 [main] StepDef - Clicked on Customer Menu Item...
[INFO ] 2022-08-27 22:37:02.795 [main] StepDef - Clicked on Add New Button...
[INFO ] 2022-08-27 22:37:02.822 [main] StepDef - Verified Add New Customer Page...
[INFO ] 2022-08-27 22:37:03.956 [main] StepDef - Entered Cutomer Info...
[INFO ] 2022-08-27 22:37:05.991 [main] StepDef - Clicked on Save button...
[INFO ] 2022-08-27 22:37:06.196 [main] StepDef - Verified confirmation message...
[INFO ] 2022-08-27 22:37:06.361 [main] StepDef - Tear Down method executed
[INFO ] 2022-08-27 22:37:08.272 [main] StepDef - Setup executed...
[INFO ] 2022-08-27 22:37:08.274 [main] StepDef - Chrome browser Launch...
[INFO ] 2022-08-27 22:37:11.782 [main] StepDef - URL Opened...
[INFO ] 2022-08-27 22:37:12.041 [main] StepDef - Entered Email ID and Password...
[INFO ] 2022-08-27 22:37:32.356 [main] StepDef - Clicked on Login Button...
[INFO ] 2022-08-27 22:37:32.389 [main] StepDef - Page Title Verified...
[INFO ] 2022-08-27 22:37:35.973 [main] StepDef - Clicked on LogOut Button...
[INFO ] 2022-08-27 22:37:35.984 [main] StepDef - Page Title Verified...
[INFO ] 2022-08-27 22:37:36.137 [main] StepDef - Tear Down method executed
[INFO ] 2022-08-27 22:37:37.025 [main] StepDef - Setup executed...
[INFO ] 2022-08-27 22:37:37.029 [main] StepDef - Chrome browser Launch...
[INFO ] 2022-08-27 22:37:57.316 [main] StepDef - URL Opened...
[INFO ] 2022-08-27 22:37:57.566 [main] StepDef - Entered Email ID and Password...
[INFO ] 2022-08-27 22:38:09.138 [main] StepDef - Clicked on Login Button...
[INFO ] 2022-08-27 22:38:09.157 [main] StepDef - Page Title Verified...
[INFO ] 2022-08-27 22:38:11.047 [main] StepDef - Tear Down method executed
[INFO ] 2022-08-27 22:38:13.043 [main] StepDef - Setup executed...
[INFO ] 2022-08-27 22:38:13.046 [main] StepDef - Chrome browser Launch...
[INFO ] 2022-08-27 22:38:16.713 [main] StepDef - URL Opened...
[INFO ] 2022-08-27 22:38:16.985 [main] StepDef - Entered Email ID and Password...
[INFO ] 2022-08-27 22:38:34.110 [main] StepDef - Clicked on Login Button...
[INFO ] 2022-08-27 22:38:34.423 [main] StepDef - Tear Down method executed
[INFO ] 2022-08-29 08:47:13.977 [main] StepDef - Setup executed...
[INFO ] 2022-08-29 08:47:14.146 [main] StepDef - Chrome browser Launch...
[INFO ] 2022-08-29 08:47:17.177 [main] StepDef - URL Opened...
[INFO ] 2022-08-29 08:47:17.610 [main] StepDef - Entered Email ID and Password...
[INFO ] 2022-08-29 08:47:23.107 [main] StepDef - Clicked on Login Button...
[INFO ] 2022-08-29 08:47:23.135 [main] StepDef - DashBoard Screen verified...
[INFO ] 2022-08-29 08:47:23.309 [main] StepDef - Clicked on Customer Menu...
[INFO ] 2022-08-29 08:47:25.277 [main] StepDef - Clicked on Customer Menu Item...
[INFO ] 2022-08-29 08:47:28.082 [main] StepDef - Clicked on Add New Button...
[INFO ] 2022-08-29 08:47:28.113 [main] StepDef - Verified Add New Customer Page...
[INFO ] 2022-08-29 08:47:29.292 [main] StepDef - Entered Cutomer Info...
[INFO ] 2022-08-29 08:47:31.300 [main] StepDef - Clicked on Save button...
[INFO ] 2022-08-29 08:47:31.505 [main] StepDef - Verified confirmation message...
[INFO ] 2022-08-29 08:47:31.678 [main] StepDef - Tear Down method executed
[INFO ] 2022-08-29 08:47:32.643 [main] StepDef - Setup executed...
[INFO ] 2022-08-29 08:47:32.645 [main] StepDef - Chrome browser Launch...
[INFO ] 2022-08-29 08:47:52.367 [main] StepDef - URL Opened...
[INFO ] 2022-08-29 08:47:52.688 [main] StepDef - Entered Email ID and Password...
[INFO ] 2022-08-29 08:48:18.215 [main] StepDef - Clicked on Login Button...
[INFO ] 2022-08-29 08:48:18.228 [main] StepDef - Page Title Verified...
[INFO ] 2022-08-29 08:48:19.780 [main] StepDef - Tear Down method executed
[INFO ] 2022-08-29 08:48:20.958 [main] StepDef - Setup executed...
[INFO ] 2022-08-29 08:48:20.963 [main] StepDef - Chrome browser Launch...
[INFO ] 2022-08-29 08:48:25.086 [main] StepDef - URL Opened...
[INFO ] 2022-08-29 08:48:25.420 [main] StepDef - Entered Email ID and Password...
[INFO ] 2022-08-29 08:48:33.149 [main] StepDef - Clicked on Login Button...
[INFO ] 2022-08-29 08:48:33.178 [main] StepDef - Page Title Verified...
[INFO ] 2022-08-29 08:48:35.619 [main] StepDef - Clicked on LogOut Button...
[INFO ] 2022-08-29 08:48:35.627 [main] StepDef - Page Title Verified...
[INFO ] 2022-08-29 08:48:35.762 [main] StepDef - Tear Down method executed
[INFO ] 2022-08-29 08:48:36.755 [main] StepDef - Setup executed...
[INFO ] 2022-08-29 08:48:36.758 [main] StepDef - Chrome browser Launch...
[INFO ] 2022-08-29 08:48:39.139 [main] StepDef - URL Opened...
[INFO ] 2022-08-29 08:48:39.424 [main] StepDef - Entered Email ID and Password...
[INFO ] 2022-08-29 08:48:56.408 [main] StepDef - Clicked on Login Button...
[INFO ] 2022-08-29 08:48:56.786 [main] StepDef - Tear Down method executed
[INFO ] 2022-08-29 10:31:12.022 [main] StepDef - Setup executed...
[INFO ] 2022-08-29 10:31:12.155 [main] StepDef - Chrome browser Launch...
[INFO ] 2022-08-29 10:31:15.631 [main] StepDef - URL Opened...
[INFO ] 2022-08-29 10:31:16.048 [main] StepDef - Entered Email ID and Password...
[INFO ] 2022-08-29 10:31:48.329 [main] StepDef - Clicked on Login Button...
[INFO ] 2022-08-29 10:31:48.354 [main] StepDef - DashBoard Screen verified...
[INFO ] 2022-08-29 10:31:48.501 [main] StepDef - Clicked on Customer Menu...
[INFO ] 2022-08-29 10:31:51.330 [main] StepDef - Clicked on Customer Menu Item...
[INFO ] 2022-08-29 10:31:53.162 [main] StepDef - Clicked on Add New Button...
[INFO ] 2022-08-29 10:31:53.196 [main] StepDef - Verified Add New Customer Page...
[INFO ] 2022-08-29 10:31:54.444 [main] StepDef - Entered Cutomer Info...
[INFO ] 2022-08-29 10:31:57.674 [main] StepDef - Clicked on Save button...
[INFO ] 2022-08-29 10:31:57.847 [main] StepDef - Verified confirmation message...
[INFO ] 2022-08-29 10:31:58.047 [main] StepDef - Tear Down method executed
[INFO ] 2022-08-29 10:31:59.059 [main] StepDef - Setup executed...
[INFO ] 2022-08-29 10:31:59.063 [main] StepDef - Chrome browser Launch...
[INFO ] 2022-08-29 10:32:19.725 [main] StepDef - URL Opened...
[INFO ] 2022-08-29 10:32:20.001 [main] StepDef - Entered Email ID and Password...
[INFO ] 2022-08-29 10:32:44.917 [main] StepDef - Clicked on Login Button...
[INFO ] 2022-08-29 10:32:44.944 [main] StepDef - Page Title Verified...
[INFO ] 2022-08-29 10:32:46.496 [main] StepDef - Tear Down method executed
[INFO ] 2022-08-29 10:32:47.949 [main] StepDef - Setup executed...
[INFO ] 2022-08-29 10:32:47.950 [main] StepDef - Chrome browser Launch...
[INFO ] 2022-08-29 10:32:50.562 [main] StepDef - URL Opened...
[INFO ] 2022-08-29 10:32:50.846 [main] StepDef - Entered Email ID and Password...
[INFO ] 2022-08-29 10:32:55.731 [main] StepDef - Clicked on Login Button...
[INFO ] 2022-08-29 10:32:55.749 [main] StepDef - Page Title Verified...
[INFO ] 2022-08-29 10:32:57.209 [main] StepDef - Tear Down method executed
[INFO ] 2022-08-29 10:32:59.129 [main] StepDef - Setup executed...
[INFO ] 2022-08-29 10:32:59.131 [main] StepDef - Chrome browser Launch...
[INFO ] 2022-08-29 10:33:01.427 [main] StepDef - URL Opened...
[INFO ] 2022-08-29 10:33:01.711 [main] StepDef - Entered Email ID and Password...
[INFO ] 2022-08-29 10:33:18.700 [main] StepDef - Clicked on Login Button...
[INFO ] 2022-08-29 10:33:19.080 [main] StepDef - Tear Down method executed
[INFO ] 2022-08-29 10:41:52.206 [main] StepDef - Setup executed...
[INFO ] 2022-08-29 10:41:52.304 [main] StepDef - Chrome browser Launch...
[INFO ] 2022-08-29 10:41:55.096 [main] StepDef - URL Opened...
[INFO ] 2022-08-29 10:41:55.536 [main] StepDef - Entered Email ID and Password...
[INFO ] 2022-08-29 10:42:02.782 [main] StepDef - Clicked on Login Button...
[INFO ] 2022-08-29 10:42:02.806 [main] StepDef - DashBoard Screen verified...
[INFO ] 2022-08-29 10:42:02.946 [main] StepDef - Clicked on Customer Menu...
[INFO ] 2022-08-29 10:42:05.850 [main] StepDef - Clicked on Customer Menu Item...
[INFO ] 2022-08-29 10:42:07.312 [main] StepDef - Clicked on Add New Button...
[INFO ] 2022-08-29 10:42:07.334 [main] StepDef - Verified Add New Customer Page...
[INFO ] 2022-08-29 10:42:08.578 [main] StepDef - Entered Cutomer Info...
[INFO ] 2022-08-29 10:42:10.671 [main] StepDef - Clicked on Save button...
[INFO ] 2022-08-29 10:42:10.872 [main] StepDef - Verified confirmation message...
[INFO ] 2022-08-29 10:42:11.047 [main] StepDef - Tear Down method executed
[INFO ] 2022-08-29 10:42:12.364 [main] StepDef - Setup executed...
[INFO ] 2022-08-29 10:42:12.366 [main] StepDef - Chrome browser Launch...
[INFO ] 2022-08-29 10:42:14.983 [main] StepDef - URL Opened...
[INFO ] 2022-08-29 10:42:15.264 [main] StepDef - Entered Email ID and Password...
[INFO ] 2022-08-29 10:42:22.252 [main] StepDef - Clicked on Login Button...
[INFO ] 2022-08-29 10:42:22.267 [main] StepDef - Page Title Verified...
[INFO ] 2022-08-29 10:42:23.711 [main] StepDef - Tear Down method executed
[INFO ] 2022-08-29 10:42:24.545 [main] StepDef - Setup executed...
[INFO ] 2022-08-29 10:42:24.548 [main] StepDef - Chrome browser Launch...
[INFO ] 2022-08-29 10:42:26.787 [main] StepDef - URL Opened...
[INFO ] 2022-08-29 10:42:27.065 [main] StepDef - Entered Email ID and Password...
[INFO ] 2022-08-29 10:42:33.184 [main] StepDef - Clicked on Login Button...
[INFO ] 2022-08-29 10:42:33.208 [main] StepDef - Page Title Verified...
[INFO ] 2022-08-29 10:42:34.851 [main] StepDef - Tear Down method executed
[INFO ] 2022-08-29 10:42:35.806 [main] StepDef - Setup executed...
[INFO ] 2022-08-29 10:42:35.808 [main] StepDef - Chrome browser Launch...
[INFO ] 2022-08-29 10:42:38.168 [main] StepDef - URL Opened...
[INFO ] 2022-08-29 10:42:38.413 [main] StepDef - Entered Email ID and Password...
[INFO ] 2022-08-29 10:42:39.814 [main] StepDef - Clicked on Login Button...
[INFO ] 2022-08-29 10:42:40.165 [main] StepDef - Tear Down method executed
[INFO ] 2022-08-29 14:02:53.567 [main] StepDef - Setup executed...
[INFO ] 2022-08-29 14:02:53.673 [main] StepDef - Chrome browser Launch...
[INFO ] 2022-08-29 14:03:12.738 [main] StepDef - URL Opened...
[INFO ] 2022-08-29 14:03:13.139 [main] StepDef - Entered Email ID and Password...
[INFO ] 2022-08-29 14:03:45.267 [main] StepDef - Clicked on Login Button...
[INFO ] 2022-08-29 14:03:45.806 [main] StepDef - Tear Down method executed
[INFO ] 2022-08-29 14:03:48.018 [main] StepDef - Setup executed...
[INFO ] 2022-08-29 14:03:48.019 [main] StepDef - Chrome browser Launch...
[INFO ] 2022-08-29 14:03:52.141 [main] StepDef - URL Opened...
[INFO ] 2022-08-29 14:03:52.444 [main] StepDef - Entered Email ID and Password...
[INFO ] 2022-08-29 14:04:20.250 [main] StepDef - Clicked on Login Button...
[INFO ] 2022-08-29 14:04:20.277 [main] StepDef - Page Title Verified...
[INFO ] 2022-08-29 14:04:22.807 [main] StepDef - Clicked on LogOut Button...
[INFO ] 2022-08-29 14:04:22.816 [main] StepDef - Page Title Verified...
[INFO ] 2022-08-29 14:04:22.980 [main] StepDef - Tear Down method executed
[INFO ] 2022-08-29 14:04:24.216 [main] StepDef - Setup executed...
[INFO ] 2022-08-29 14:04:24.220 [main] StepDef - Chrome browser Launch...
[INFO ] 2022-08-29 14:04:28.995 [main] StepDef - URL Opened...
[INFO ] 2022-08-29 14:04:29.299 [main] StepDef - Entered Email ID and Password...
[INFO ] 2022-08-29 14:04:35.915 [main] StepDef - Clicked on Login Button...
[INFO ] 2022-08-29 14:04:35.942 [main] StepDef - Page Title Verified...
[INFO ] 2022-08-29 14:04:37.449 [main] StepDef - Tear Down method executed
[INFO ] 2022-08-29 14:04:38.291 [main] StepDef - Setup executed...
[INFO ] 2022-08-29 14:04:38.292 [main] StepDef - Chrome browser Launch...
[INFO ] 2022-08-29 14:04:42.049 [main] StepDef - URL Opened...
[INFO ] 2022-08-29 14:04:42.360 [main] StepDef - Entered Email ID and Password...
[INFO ] 2022-08-29 14:04:43.801 [main] StepDef - Clicked on Login Button...
[INFO ] 2022-08-29 14:04:44.804 [main] StepDef - Tear Down method executed
[INFO ] 2022-08-29 14:35:52.291 [main] StepDef - Setup executed...
[INFO ] 2022-08-29 14:35:52.403 [main] StepDef - Chrome browser Launch...
[INFO ] 2022-08-29 14:36:25.584 [main] StepDef - URL Opened...
[INFO ] 2022-08-29 14:36:26.238 [main] StepDef - Tear Down method executed
[INFO ] 2022-08-29 14:36:27.395 [main] StepDef - Setup executed...
[INFO ] 2022-08-29 14:36:27.398 [main] StepDef - Chrome browser Launch...
[INFO ] 2022-08-29 14:36:47.514 [main] StepDef - URL Opened...
[INFO ] 2022-08-29 14:36:47.762 [main] StepDef - Entered Email ID and Password...
[INFO ] 2022-08-29 14:36:58.687 [main] StepDef - Clicked on Login Button...
[INFO ] 2022-08-29 14:36:58.716 [main] StepDef - Page Title Verified...
[INFO ] 2022-08-29 14:37:00.297 [main] StepDef - Tear Down method executed
[INFO ] 2022-08-29 14:37:02.389 [main] StepDef - Setup executed...
[INFO ] 2022-08-29 14:37:02.391 [main] StepDef - Chrome browser Launch...
[INFO ] 2022-08-29 14:37:05.454 [main] StepDef - URL Opened...
[INFO ] 2022-08-29 14:37:05.688 [main] StepDef - Entered Email ID and Password...
[INFO ] 2022-08-29 14:37:10.923 [main] StepDef - Clicked on Login Button...
[INFO ] 2022-08-29 14:37:10.935 [main] StepDef - Page Title Verified...
[INFO ] 2022-08-29 14:37:12.798 [main] StepDef - Clicked on LogOut Button...
[INFO ] 2022-08-29 14:37:12.807 [main] StepDef - Page Title Verified...
[INFO ] 2022-08-29 14:37:12.961 [main] StepDef - Tear Down method executed
[INFO ] 2022-08-29 14:37:14.570 [main] StepDef - Setup executed...
[INFO ] 2022-08-29 14:37:14.602 [main] StepDef - Chrome browser Launch...
[INFO ] 2022-08-29 14:37:17.202 [main] StepDef - URL Opened...
[INFO ] 2022-08-29 14:37:17.429 [main] StepDef - Entered Email ID and Password...
[INFO ] 2022-08-29 14:37:17.946 [main] StepDef - Clicked on Login Button...
[INFO ] 2022-08-29 14:37:18.310 [main] StepDef - Tear Down method executed
[INFO ] 2022-08-30 10:07:22.865 [main] StepDef - Setup executed...
[INFO ] 2022-08-30 10:07:23.065 [main] StepDef - Chrome browser Launch...
[INFO ] 2022-08-30 10:07:25.799 [main] StepDef - URL Opened...
[INFO ] 2022-08-30 10:07:26.235 [main] StepDef - Entered Email ID and Password...
[INFO ] 2022-08-30 10:07:49.701 [main] StepDef - Clicked on Login Button...
[INFO ] 2022-08-30 10:07:49.725 [main] StepDef - Page Title Verified...
[INFO ] 2022-08-30 10:07:52.077 [main] StepDef - Clicked on LogOut Button...
[INFO ] 2022-08-30 10:07:52.089 [main] StepDef - Page Title Verified...
[INFO ] 2022-08-30 10:07:52.254 [main] StepDef - Tear Down method executed
[INFO ] 2022-08-30 10:07:53.157 [main] StepDef - Setup executed...
[INFO ] 2022-08-30 10:07:53.158 [main] StepDef - Chrome browser Launch...
[INFO ] 2022-08-30 10:07:55.788 [main] StepDef - URL Opened...
[INFO ] 2022-08-30 10:07:56.146 [main] StepDef - Entered Email ID and Password...
[INFO ] 2022-08-30 10:08:16.893 [main] StepDef - Clicked on Login Button...
[INFO ] 2022-08-30 10:08:16.925 [main] StepDef - Page Title Verified...
[INFO ] 2022-08-30 10:08:18.443 [main] StepDef - Tear Down method executed
[INFO ] 2022-08-30 10:08:19.378 [main] StepDef - Setup executed...
[INFO ] 2022-08-30 10:08:19.381 [main] StepDef - Chrome browser Launch...
[INFO ] 2022-08-30 10:08:21.733 [main] StepDef - URL Opened...
[INFO ] 2022-08-30 10:08:22.062 [main] StepDef - Entered Email ID and Password...
[INFO ] 2022-08-30 10:08:23.519 [main] StepDef - Clicked on Login Button...
[INFO ] 2022-08-30 10:08:23.885 [main] StepDef - Tear Down method executed
[INFO ] 2022-08-30 15:00:21.637 [main] StepDef - Setup executed...
[INFO ] 2022-08-30 15:00:21.784 [main] StepDef - Chrome browser Launch...
[INFO ] 2022-08-30 15:00:25.925 [main] StepDef - URL Opened...
[INFO ] 2022-08-30 15:00:26.281 [main] StepDef - Entered Email ID and Password...
[INFO ] 2022-08-30 15:00:31.188 [main] StepDef - Clicked on Login Button...
[INFO ] 2022-08-30 15:00:31.210 [main] StepDef - Page Title Verified...
[INFO ] 2022-08-30 15:00:33.026 [main] StepDef - Clicked on LogOut Button...
[INFO ] 2022-08-30 15:00:33.034 [main] StepDef - Page Title Verified...
[INFO ] 2022-08-30 15:00:33.363 [main] StepDef - Tear Down method executed
[INFO ] 2022-08-30 15:00:35.629 [main] StepDef - Setup executed...
[INFO ] 2022-08-30 15:00:35.631 [main] StepDef - Chrome browser Launch...
[INFO ] 2022-08-30 15:00:39.380 [main] StepDef - URL Opened...
[INFO ] 2022-08-30 15:00:39.684 [main] StepDef - Entered Email ID and Password...
[INFO ] 2022-08-30 15:00:45.695 [main] StepDef - Clicked on Login Button...
[INFO ] 2022-08-30 15:00:45.708 [main] StepDef - Page Title Verified...
[INFO ] 2022-08-30 15:00:48.397 [main] StepDef - Clicked on LogOut Button...
[INFO ] 2022-08-30 15:00:48.404 [main] StepDef - Page Title Verified...
[INFO ] 2022-08-30 15:00:48.510 [main] StepDef - Tear Down method executed
[INFO ] 2022-08-30 15:00:49.764 [main] StepDef - Setup executed...
[INFO ] 2022-08-30 15:00:49.766 [main] StepDef - Chrome browser Launch...
[INFO ] 2022-08-30 15:00:53.640 [main] StepDef - URL Opened...
[INFO ] 2022-08-30 15:00:53.935 [main] StepDef - Entered Email ID and Password...
[INFO ] 2022-08-30 15:00:55.392 [main] StepDef - Clicked on Login Button...
[INFO ] 2022-08-30 15:00:55.735 [main] StepDef - Tear Down method executed
[INFO ] 2022-09-08 19:54:12.417 [main] StepDef - Setup executed...
[INFO ] 2022-09-08 19:54:26.824 [main] StepDef - Chrome browser Launch...
[INFO ] 2022-09-08 19:54:28.623 [main] StepDef - URL Opened...
[INFO ] 2022-09-08 19:54:33.171 [main] StepDef - Entered Email ID and Password...
[INFO ] 2022-09-08 19:54:35.830 [main] StepDef - Clicked on Login Button...
[INFO ] 2022-09-08 19:54:37.984 [main] StepDef - Page Title Verified...
[INFO ] 2022-09-08 19:54:44.259 [main] StepDef - Tear Down method executed
[INFO ] 2022-09-08 20:09:18.362 [main] StepDef - Setup executed...
[INFO ] 2022-09-08 20:09:35.323 [main] StepDef - Chrome browser Launch...
[INFO ] 2022-09-08 20:09:36.949 [main] StepDef - URL Opened...
[INFO ] 2022-09-08 20:09:39.577 [main] StepDef - Entered Email ID and Password...
[INFO ] 2022-09-08 20:09:40.925 [main] StepDef - Clicked on Login Button...
[INFO ] 2022-09-08 20:09:47.981 [main] StepDef - Tear Down method executed
[INFO ] 2022-09-08 20:12:19.699 [main] StepDef - Setup executed...
[INFO ] 2022-09-08 20:12:36.090 [main] StepDef - Chrome browser Launch...
[INFO ] 2022-09-08 20:12:37.714 [main] StepDef - URL Opened...
[INFO ] 2022-09-08 20:12:38.876 [main] StepDef - Entered Email ID and Password...
[INFO ] 2022-09-08 20:12:39.175 [main] StepDef - Clicked on Login Button...
[INFO ] 2022-09-08 20:12:39.347 [main] StepDef - Page Title Verified...
[INFO ] 2022-09-08 20:12:44.448 [main] StepDef - Tear Down method executed
[INFO ] 2022-09-13 12:05:10.240 [main] StepDef - Setup executed...
[INFO ] 2022-09-13 12:05:14.491 [main] StepDef - Chrome browser Launch...
[INFO ] 2022-09-13 12:05:17.713 [main] StepDef - URL Opened...
[INFO ] 2022-09-13 12:05:20.269 [main] StepDef - Entered Email ID and Password...
[INFO ] 2022-09-13 12:05:28.157 [main] StepDef - Clicked on Login Button...
[INFO ] 2022-09-13 12:05:28.278 [main] StepDef - Page Title Verified...
[INFO ] 2022-09-13 12:05:30.479 [main] StepDef - Clicked on LogOut Button...
[INFO ] 2022-09-13 12:05:30.625 [main] StepDef - Page Title Verified...
[INFO ] 2022-09-13 12:05:32.242 [main] StepDef - Tear Down method executed
[INFO ] 2022-09-13 16:23:37.763 [main] StepDef - Setup executed...
[INFO ] 2022-09-13 16:57:46.989 [main] StepDef - Setup executed...
[INFO ] 2022-09-13 16:59:19.131 [main] StepDef - Setup executed...
[INFO ] 2022-09-15 08:15:49.478 [main] StepDef - Setup executed...
[INFO ] 2022-09-15 08:19:43.040 [main] StepDef - Setup executed...
[INFO ] 2022-09-15 08:21:08.421 [main] StepDef - Setup executed...
[INFO ] 2022-09-15 08:23:37.486 [main] StepDef - Setup executed...
[INFO ] 2022-09-15 08:25:59.017 [main] StepDef - Setup executed...
[INFO ] 2022-09-15 08:30:40.034 [main] StepDef - Setup executed...
[INFO ] 2022-09-15 08:30:57.477 [main] StepDef - Chrome browser Launch...
[INFO ] 2022-09-15 08:30:59.639 [main] StepDef - URL Opened...
[INFO ] 2022-09-15 08:31:00.968 [main] StepDef - Entered Email ID and Password...
[INFO ] 2022-09-15 08:31:01.273 [main] StepDef - Clicked on Login Button...
[INFO ] 2022-09-15 08:31:01.395 [main] StepDef - Page Title Verified...
[INFO ] 2022-09-15 08:38:38.476 [main] StepDef - Setup executed...
[INFO ] 2022-09-15 08:38:56.700 [main] StepDef - Chrome browser Launch...
[INFO ] 2022-09-15 08:38:58.505 [main] StepDef - URL Opened...
[INFO ] 2022-09-15 08:38:59.770 [main] StepDef - Entered Email ID and Password...
[INFO ] 2022-09-15 08:39:00.416 [main] StepDef - Clicked on Login Button...
[INFO ] 2022-09-15 08:39:00.543 [main] StepDef - Page Title Verified...
[INFO ] 2022-09-15 08:42:15.950 [main] StepDef - Setup executed...
[INFO ] 2022-09-15 08:42:33.140 [main] StepDef - Chrome browser Launch...
[INFO ] 2022-09-15 08:42:34.843 [main] StepDef - URL Opened...
[INFO ] 2022-09-15 08:42:36.011 [main] StepDef - Entered Email ID and Password...
[INFO ] 2022-09-15 08:42:36.478 [main] StepDef - Clicked on Login Button...
[INFO ] 2022-09-15 08:42:36.645 [main] StepDef - Page Title Verified...
[INFO ] 2022-09-15 08:43:05.996 [main] StepDef - Tear Down method executed
[INFO ] 2022-09-15 08:46:44.558 [main] StepDef - Tear Down method executed
[INFO ] 2022-09-15 08:50:56.368 [main] StepDef - Setup executed...
[INFO ] 2022-09-15 08:51:43.604 [main] StepDef - Setup executed...
[INFO ] 2022-09-15 09:28:14.031 [main] StepDef - Setup executed...
[INFO ] 2022-09-15 10:48:48.918 [main] StepDef - Setup executed...
[INFO ] 2022-09-15 10:48:56.627 [main] StepDef - Chrome browser Launch...
[INFO ] 2022-09-15 10:48:59.497 [main] StepDef - URL Opened...
[INFO ] 2022-09-15 10:49:01.133 [main] StepDef - Entered Email ID and Password...
[INFO ] 2022-09-15 10:49:14.445 [main] StepDef - Clicked on Login Button...
[INFO ] 2022-09-15 10:49:14.532 [main] StepDef - Page Title Verified...
[INFO ] 2022-09-15 10:49:17.210 [main] StepDef - Clicked on LogOut Button...
[INFO ] 2022-09-15 10:49:17.305 [main] StepDef - Page Title Verified...
[INFO ] 2022-09-15 10:49:19.127 [main] StepDef - Tear Down method executed
[INFO ] 2022-09-15 13:08:50.656 [main] StepDef - Setup executed...
[INFO ] 2022-09-15 13:09:08.744 [main] StepDef - Chrome browser Launch...
[INFO ] 2022-09-15 13:09:10.375 [main] StepDef - URL Opened...
[INFO ] 2022-09-15 13:09:11.558 [main] StepDef - Entered Email ID and Password...
[INFO ] 2022-09-15 13:09:11.948 [main] StepDef - Clicked on Login Button...
[INFO ] 2022-09-15 13:09:12.068 [main] StepDef - Page Title Verified...
[INFO ] 2022-09-15 13:13:16.977 [main] StepDef - Tear Down method executed
